{"C:\\Users\\rober\\.ssh\\Lab10\\mocks\\fileMock.js": {"path":"C:\\Users\\rober\\.ssh\\Lab10\\mocks\\fileMock.js","statementMap":{},"fnMap":{},"branchMap":{},"s":{},"f":{},"b":{},"_coverageSchema":"1a1c01bbd47fc00a2c39e90264f33305004495a9","hash":"2668eba79680a34752cf0892160e725a3410133d"}
,"C:\\Users\\rober\\.ssh\\Lab10\\src\\Components\\App.jsx": {"path":"C:\\Users\\rober\\.ssh\\Lab10\\src\\Components\\App.jsx","statementMap":{"0":{"start":{"line":20,"column":0},"end":{"line":20,"column":49}},"1":{"start":{"line":23,"column":2},"end":{"line":23,"column":61}},"2":{"start":{"line":24,"column":2},"end":{"line":24,"column":59}},"3":{"start":{"line":25,"column":2},"end":{"line":25,"column":59}},"4":{"start":{"line":26,"column":2},"end":{"line":26,"column":61}},"5":{"start":{"line":27,"column":2},"end":{"line":27,"column":58}},"6":{"start":{"line":31,"column":2},"end":{"line":31,"column":61}},"7":{"start":{"line":32,"column":2},"end":{"line":32,"column":59}},"8":{"start":{"line":33,"column":2},"end":{"line":33,"column":59}},"9":{"start":{"line":34,"column":2},"end":{"line":34,"column":61}},"10":{"start":{"line":35,"column":2},"end":{"line":35,"column":58}},"11":{"start":{"line":39,"column":2},"end":{"line":39,"column":61}},"12":{"start":{"line":40,"column":2},"end":{"line":40,"column":59}},"13":{"start":{"line":41,"column":2},"end":{"line":41,"column":59}},"14":{"start":{"line":42,"column":2},"end":{"line":42,"column":61}},"15":{"start":{"line":43,"column":2},"end":{"line":43,"column":58}},"16":{"start":{"line":47,"column":2},"end":{"line":47,"column":61}},"17":{"start":{"line":48,"column":2},"end":{"line":48,"column":59}},"18":{"start":{"line":49,"column":2},"end":{"line":49,"column":59}},"19":{"start":{"line":50,"column":2},"end":{"line":50,"column":61}},"20":{"start":{"line":51,"column":2},"end":{"line":51,"column":58}},"21":{"start":{"line":55,"column":2},"end":{"line":55,"column":61}},"22":{"start":{"line":56,"column":2},"end":{"line":56,"column":59}},"23":{"start":{"line":57,"column":2},"end":{"line":57,"column":59}},"24":{"start":{"line":58,"column":2},"end":{"line":58,"column":61}},"25":{"start":{"line":59,"column":2},"end":{"line":59,"column":58}},"26":{"start":{"line":63,"column":2},"end":{"line":188,"column":3}}},"fnMap":{"0":{"name":"myWebpack","decl":{"start":{"line":22,"column":9},"end":{"line":22,"column":18}},"loc":{"start":{"line":22,"column":21},"end":{"line":28,"column":1}},"line":22},"1":{"name":"myBabel","decl":{"start":{"line":30,"column":9},"end":{"line":30,"column":16}},"loc":{"start":{"line":30,"column":19},"end":{"line":36,"column":1}},"line":30},"2":{"name":"myReact","decl":{"start":{"line":38,"column":9},"end":{"line":38,"column":16}},"loc":{"start":{"line":38,"column":19},"end":{"line":44,"column":1}},"line":38},"3":{"name":"myEsLint","decl":{"start":{"line":46,"column":9},"end":{"line":46,"column":17}},"loc":{"start":{"line":46,"column":20},"end":{"line":52,"column":1}},"line":46},"4":{"name":"myJest","decl":{"start":{"line":54,"column":9},"end":{"line":54,"column":15}},"loc":{"start":{"line":54,"column":18},"end":{"line":60,"column":1}},"line":54},"5":{"name":"App","decl":{"start":{"line":62,"column":9},"end":{"line":62,"column":12}},"loc":{"start":{"line":62,"column":15},"end":{"line":189,"column":1}},"line":62}},"branchMap":{},"s":{"0":1,"1":1,"2":1,"3":1,"4":1,"5":1,"6":1,"7":1,"8":1,"9":1,"10":1,"11":1,"12":1,"13":1,"14":1,"15":1,"16":1,"17":1,"18":1,"19":1,"20":1,"21":1,"22":1,"23":1,"24":1,"25":1,"26":6},"f":{"0":1,"1":1,"2":1,"3":1,"4":1,"5":6},"b":{},"_coverageSchema":"1a1c01bbd47fc00a2c39e90264f33305004495a9","hash":"48e399669c164961a9e083856790b61617c4cd90"}
,"C:\\Users\\rober\\.ssh\\Lab10\\src\\Components\\stateComponents\\Calculator.jsx": {"path":"C:\\Users\\rober\\.ssh\\Lab10\\src\\Components\\stateComponents\\Calculator.jsx","statementMap":{"0":{"start":{"line":21,"column":6},"end":{"line":21,"column":13}},"1":{"start":{"line":23,"column":16},"end":{"line":23,"column":28}},"2":{"start":{"line":24,"column":2},"end":{"line":24,"column":46}},"3":{"start":{"line":26,"column":2},"end":{"line":100,"column":3}},"4":{"start":{"line":44,"column":47},"end":{"line":44,"column":58}},"5":{"start":{"line":47,"column":47},"end":{"line":47,"column":58}},"6":{"start":{"line":59,"column":47},"end":{"line":59,"column":58}},"7":{"start":{"line":71,"column":47},"end":{"line":71,"column":58}},"8":{"start":{"line":83,"column":47},"end":{"line":83,"column":58}}},"fnMap":{"0":{"name":"Calculator","decl":{"start":{"line":10,"column":24},"end":{"line":10,"column":34}},"loc":{"start":{"line":10,"column":37},"end":{"line":101,"column":1}},"line":10},"1":{"name":"(anonymous_1)","decl":{"start":{"line":44,"column":41},"end":{"line":44,"column":42}},"loc":{"start":{"line":44,"column":47},"end":{"line":44,"column":58}},"line":44},"2":{"name":"(anonymous_2)","decl":{"start":{"line":47,"column":41},"end":{"line":47,"column":42}},"loc":{"start":{"line":47,"column":47},"end":{"line":47,"column":58}},"line":47},"3":{"name":"(anonymous_3)","decl":{"start":{"line":59,"column":41},"end":{"line":59,"column":42}},"loc":{"start":{"line":59,"column":47},"end":{"line":59,"column":58}},"line":59},"4":{"name":"(anonymous_4)","decl":{"start":{"line":71,"column":41},"end":{"line":71,"column":42}},"loc":{"start":{"line":71,"column":47},"end":{"line":71,"column":58}},"line":71},"5":{"name":"(anonymous_5)","decl":{"start":{"line":83,"column":41},"end":{"line":83,"column":42}},"loc":{"start":{"line":83,"column":47},"end":{"line":83,"column":58}},"line":83}},"branchMap":{"0":{"loc":{"start":{"line":32,"column":58},"end":{"line":32,"column":92}},"type":"cond-expr","locations":[{"start":{"line":32,"column":69},"end":{"line":32,"column":87}},{"start":{"line":32,"column":90},"end":{"line":32,"column":92}}],"line":32},"1":{"loc":{"start":{"line":34,"column":11},"end":{"line":34,"column":79}},"type":"cond-expr","locations":[{"start":{"line":34,"column":37},"end":{"line":34,"column":44}},{"start":{"line":34,"column":47},"end":{"line":34,"column":79}}],"line":34},"2":{"loc":{"start":{"line":34,"column":11},"end":{"line":34,"column":34}},"type":"binary-expr","locations":[{"start":{"line":34,"column":11},"end":{"line":34,"column":20}},{"start":{"line":34,"column":24},"end":{"line":34,"column":34}}],"line":34},"3":{"loc":{"start":{"line":34,"column":47},"end":{"line":34,"column":79}},"type":"cond-expr","locations":[{"start":{"line":34,"column":60},"end":{"line":34,"column":67}},{"start":{"line":34,"column":70},"end":{"line":34,"column":79}}],"line":34}},"s":{"0":32,"1":32,"2":32,"3":32,"4":1,"5":3,"6":1,"7":1,"8":1},"f":{"0":32,"1":1,"2":3,"3":1,"4":1,"5":1},"b":{"0":[8,24],"1":[23,9],"2":[32,24],"3":[8,1]},"_coverageSchema":"1a1c01bbd47fc00a2c39e90264f33305004495a9","hash":"46e59fba5d4c1a32ab60ccef95d82a4287392b0e"}
,"C:\\Users\\rober\\.ssh\\Lab10\\src\\Components\\stateComponents\\Hooks.jsx": {"path":"C:\\Users\\rober\\.ssh\\Lab10\\src\\Components\\stateComponents\\Hooks.jsx","statementMap":{"0":{"start":{"line":9,"column":32},"end":{"line":9,"column":49}},"1":{"start":{"line":10,"column":32},"end":{"line":10,"column":49}},"2":{"start":{"line":11,"column":34},"end":{"line":11,"column":51}},"3":{"start":{"line":12,"column":36},"end":{"line":12,"column":48}},"4":{"start":{"line":15,"column":14},"end":{"line":15,"column":15}},"5":{"start":{"line":16,"column":4},"end":{"line":26,"column":5}},"6":{"start":{"line":17,"column":6},"end":{"line":17,"column":53}},"7":{"start":{"line":18,"column":11},"end":{"line":26,"column":5}},"8":{"start":{"line":19,"column":6},"end":{"line":19,"column":29}},"9":{"start":{"line":20,"column":11},"end":{"line":26,"column":5}},"10":{"start":{"line":21,"column":6},"end":{"line":21,"column":29}},"11":{"start":{"line":22,"column":11},"end":{"line":26,"column":5}},"12":{"start":{"line":23,"column":6},"end":{"line":23,"column":53}},"13":{"start":{"line":24,"column":11},"end":{"line":26,"column":5}},"14":{"start":{"line":25,"column":6},"end":{"line":25,"column":29}},"15":{"start":{"line":27,"column":4},"end":{"line":27,"column":14}},"16":{"start":{"line":30,"column":16},"end":{"line":62,"column":3}},"17":{"start":{"line":31,"column":4},"end":{"line":34,"column":5}},"18":{"start":{"line":32,"column":6},"end":{"line":32,"column":27}},"19":{"start":{"line":33,"column":6},"end":{"line":33,"column":22}},"20":{"start":{"line":35,"column":4},"end":{"line":61,"column":5}},"21":{"start":{"line":36,"column":6},"end":{"line":47,"column":7}},"22":{"start":{"line":37,"column":8},"end":{"line":37,"column":25}},"23":{"start":{"line":38,"column":13},"end":{"line":47,"column":7}},"24":{"start":{"line":39,"column":8},"end":{"line":39,"column":33}},"25":{"start":{"line":40,"column":13},"end":{"line":47,"column":7}},"26":{"start":{"line":44,"column":8},"end":{"line":44,"column":27}},"27":{"start":{"line":46,"column":8},"end":{"line":46,"column":54}},"28":{"start":{"line":48,"column":11},"end":{"line":61,"column":5}},"29":{"start":{"line":49,"column":6},"end":{"line":60,"column":7}},"30":{"start":{"line":50,"column":8},"end":{"line":50,"column":25}},"31":{"start":{"line":51,"column":13},"end":{"line":60,"column":7}},"32":{"start":{"line":52,"column":8},"end":{"line":52,"column":33}},"33":{"start":{"line":53,"column":13},"end":{"line":60,"column":7}},"34":{"start":{"line":57,"column":8},"end":{"line":57,"column":27}},"35":{"start":{"line":59,"column":8},"end":{"line":59,"column":54}},"36":{"start":{"line":65,"column":4},"end":{"line":82,"column":5}},"37":{"start":{"line":66,"column":6},"end":{"line":79,"column":7}},"38":{"start":{"line":67,"column":8},"end":{"line":67,"column":26}},"39":{"start":{"line":68,"column":8},"end":{"line":71,"column":9}},"40":{"start":{"line":69,"column":10},"end":{"line":69,"column":54}},"41":{"start":{"line":70,"column":10},"end":{"line":70,"column":27}},"42":{"start":{"line":72,"column":8},"end":{"line":72,"column":22}},"43":{"start":{"line":73,"column":8},"end":{"line":73,"column":29}},"44":{"start":{"line":75,"column":8},"end":{"line":75,"column":22}},"45":{"start":{"line":76,"column":8},"end":{"line":76,"column":22}},"46":{"start":{"line":77,"column":8},"end":{"line":77,"column":23}},"47":{"start":{"line":78,"column":8},"end":{"line":78,"column":29}},"48":{"start":{"line":81,"column":6},"end":{"line":81,"column":27}},"49":{"start":{"line":86,"column":4},"end":{"line":86,"column":18}},"50":{"start":{"line":87,"column":4},"end":{"line":87,"column":18}},"51":{"start":{"line":88,"column":4},"end":{"line":88,"column":19}},"52":{"start":{"line":89,"column":4},"end":{"line":89,"column":20}},"53":{"start":{"line":93,"column":20},"end":{"line":93,"column":26}},"54":{"start":{"line":94,"column":4},"end":{"line":109,"column":5}},"55":{"start":{"line":95,"column":6},"end":{"line":95,"column":27}},"56":{"start":{"line":96,"column":6},"end":{"line":103,"column":7}},"57":{"start":{"line":101,"column":8},"end":{"line":101,"column":53}},"58":{"start":{"line":102,"column":8},"end":{"line":102,"column":25}},"59":{"start":{"line":104,"column":6},"end":{"line":104,"column":20}},"60":{"start":{"line":105,"column":6},"end":{"line":105,"column":20}},"61":{"start":{"line":106,"column":6},"end":{"line":106,"column":21}},"62":{"start":{"line":108,"column":6},"end":{"line":108,"column":27}},"63":{"start":{"line":113,"column":4},"end":{"line":113,"column":24}},"64":{"start":{"line":114,"column":4},"end":{"line":118,"column":5}},"65":{"start":{"line":115,"column":6},"end":{"line":115,"column":30}},"66":{"start":{"line":116,"column":11},"end":{"line":118,"column":5}},"67":{"start":{"line":117,"column":6},"end":{"line":117,"column":30}},"68":{"start":{"line":119,"column":4},"end":{"line":121,"column":5}},"69":{"start":{"line":120,"column":6},"end":{"line":120,"column":30}},"70":{"start":{"line":122,"column":4},"end":{"line":125,"column":5}},"71":{"start":{"line":123,"column":6},"end":{"line":123,"column":23}},"72":{"start":{"line":124,"column":6},"end":{"line":124,"column":34}},"73":{"start":{"line":128,"column":2},"end":{"line":138,"column":3}}},"fnMap":{"0":{"name":"Hooks","decl":{"start":{"line":8,"column":24},"end":{"line":8,"column":29}},"loc":{"start":{"line":8,"column":72},"end":{"line":139,"column":1}},"line":8},"1":{"name":"evil","decl":{"start":{"line":14,"column":11},"end":{"line":14,"column":15}},"loc":{"start":{"line":14,"column":18},"end":{"line":28,"column":3}},"line":14},"2":{"name":"(anonymous_2)","decl":{"start":{"line":30,"column":16},"end":{"line":30,"column":17}},"loc":{"start":{"line":30,"column":23},"end":{"line":62,"column":3}},"line":30},"3":{"name":"operar","decl":{"start":{"line":64,"column":11},"end":{"line":64,"column":17}},"loc":{"start":{"line":64,"column":28},"end":{"line":83,"column":3}},"line":64},"4":{"name":"reset","decl":{"start":{"line":85,"column":11},"end":{"line":85,"column":16}},"loc":{"start":{"line":85,"column":19},"end":{"line":90,"column":3}},"line":85},"5":{"name":"result","decl":{"start":{"line":92,"column":11},"end":{"line":92,"column":17}},"loc":{"start":{"line":92,"column":20},"end":{"line":110,"column":3}},"line":92},"6":{"name":"opuesto","decl":{"start":{"line":112,"column":11},"end":{"line":112,"column":18}},"loc":{"start":{"line":112,"column":21},"end":{"line":126,"column":3}},"line":112}},"branchMap":{"0":{"loc":{"start":{"line":8,"column":30},"end":{"line":8,"column":42}},"type":"default-arg","locations":[{"start":{"line":8,"column":40},"end":{"line":8,"column":42}}],"line":8},"1":{"loc":{"start":{"line":8,"column":44},"end":{"line":8,"column":56}},"type":"default-arg","locations":[{"start":{"line":8,"column":54},"end":{"line":8,"column":56}}],"line":8},"2":{"loc":{"start":{"line":8,"column":58},"end":{"line":8,"column":70}},"type":"default-arg","locations":[{"start":{"line":8,"column":68},"end":{"line":8,"column":70}}],"line":8},"3":{"loc":{"start":{"line":16,"column":4},"end":{"line":26,"column":5}},"type":"if","locations":[{"start":{"line":16,"column":4},"end":{"line":26,"column":5}},{"start":{"line":18,"column":11},"end":{"line":26,"column":5}}],"line":16},"4":{"loc":{"start":{"line":18,"column":11},"end":{"line":26,"column":5}},"type":"if","locations":[{"start":{"line":18,"column":11},"end":{"line":26,"column":5}},{"start":{"line":20,"column":11},"end":{"line":26,"column":5}}],"line":18},"5":{"loc":{"start":{"line":20,"column":11},"end":{"line":26,"column":5}},"type":"if","locations":[{"start":{"line":20,"column":11},"end":{"line":26,"column":5}},{"start":{"line":22,"column":11},"end":{"line":26,"column":5}}],"line":20},"6":{"loc":{"start":{"line":22,"column":11},"end":{"line":26,"column":5}},"type":"if","locations":[{"start":{"line":22,"column":11},"end":{"line":26,"column":5}},{"start":{"line":24,"column":11},"end":{"line":26,"column":5}}],"line":22},"7":{"loc":{"start":{"line":24,"column":11},"end":{"line":26,"column":5}},"type":"if","locations":[{"start":{"line":24,"column":11},"end":{"line":26,"column":5}},{"start":{},"end":{}}],"line":24},"8":{"loc":{"start":{"line":31,"column":4},"end":{"line":34,"column":5}},"type":"if","locations":[{"start":{"line":31,"column":4},"end":{"line":34,"column":5}},{"start":{},"end":{}}],"line":31},"9":{"loc":{"start":{"line":31,"column":8},"end":{"line":31,"column":49}},"type":"binary-expr","locations":[{"start":{"line":31,"column":8},"end":{"line":31,"column":24}},{"start":{"line":31,"column":28},"end":{"line":31,"column":49}}],"line":31},"10":{"loc":{"start":{"line":35,"column":4},"end":{"line":61,"column":5}},"type":"if","locations":[{"start":{"line":35,"column":4},"end":{"line":61,"column":5}},{"start":{"line":48,"column":11},"end":{"line":61,"column":5}}],"line":35},"11":{"loc":{"start":{"line":35,"column":8},"end":{"line":35,"column":48}},"type":"binary-expr","locations":[{"start":{"line":35,"column":8},"end":{"line":35,"column":23}},{"start":{"line":35,"column":27},"end":{"line":35,"column":48}}],"line":35},"12":{"loc":{"start":{"line":36,"column":6},"end":{"line":47,"column":7}},"type":"if","locations":[{"start":{"line":36,"column":6},"end":{"line":47,"column":7}},{"start":{"line":38,"column":13},"end":{"line":47,"column":7}}],"line":36},"13":{"loc":{"start":{"line":38,"column":13},"end":{"line":47,"column":7}},"type":"if","locations":[{"start":{"line":38,"column":13},"end":{"line":47,"column":7}},{"start":{"line":40,"column":13},"end":{"line":47,"column":7}}],"line":38},"14":{"loc":{"start":{"line":40,"column":13},"end":{"line":47,"column":7}},"type":"if","locations":[{"start":{"line":40,"column":13},"end":{"line":47,"column":7}},{"start":{"line":45,"column":13},"end":{"line":47,"column":7}}],"line":40},"15":{"loc":{"start":{"line":41,"column":8},"end":{"line":42,"column":40}},"type":"binary-expr","locations":[{"start":{"line":41,"column":8},"end":{"line":41,"column":37}},{"start":{"line":42,"column":8},"end":{"line":42,"column":40}}],"line":41},"16":{"loc":{"start":{"line":48,"column":11},"end":{"line":61,"column":5}},"type":"if","locations":[{"start":{"line":48,"column":11},"end":{"line":61,"column":5}},{"start":{},"end":{}}],"line":48},"17":{"loc":{"start":{"line":48,"column":15},"end":{"line":48,"column":55}},"type":"binary-expr","locations":[{"start":{"line":48,"column":15},"end":{"line":48,"column":30}},{"start":{"line":48,"column":34},"end":{"line":48,"column":55}}],"line":48},"18":{"loc":{"start":{"line":49,"column":6},"end":{"line":60,"column":7}},"type":"if","locations":[{"start":{"line":49,"column":6},"end":{"line":60,"column":7}},{"start":{"line":51,"column":13},"end":{"line":60,"column":7}}],"line":49},"19":{"loc":{"start":{"line":51,"column":13},"end":{"line":60,"column":7}},"type":"if","locations":[{"start":{"line":51,"column":13},"end":{"line":60,"column":7}},{"start":{"line":53,"column":13},"end":{"line":60,"column":7}}],"line":51},"20":{"loc":{"start":{"line":53,"column":13},"end":{"line":60,"column":7}},"type":"if","locations":[{"start":{"line":53,"column":13},"end":{"line":60,"column":7}},{"start":{"line":58,"column":13},"end":{"line":60,"column":7}}],"line":53},"21":{"loc":{"start":{"line":54,"column":8},"end":{"line":55,"column":40}},"type":"binary-expr","locations":[{"start":{"line":54,"column":8},"end":{"line":54,"column":37}},{"start":{"line":55,"column":8},"end":{"line":55,"column":40}}],"line":54},"22":{"loc":{"start":{"line":65,"column":4},"end":{"line":82,"column":5}},"type":"if","locations":[{"start":{"line":65,"column":4},"end":{"line":82,"column":5}},{"start":{"line":80,"column":11},"end":{"line":82,"column":5}}],"line":65},"23":{"loc":{"start":{"line":66,"column":6},"end":{"line":79,"column":7}},"type":"if","locations":[{"start":{"line":66,"column":6},"end":{"line":79,"column":7}},{"start":{"line":74,"column":13},"end":{"line":79,"column":7}}],"line":66},"24":{"loc":{"start":{"line":68,"column":8},"end":{"line":71,"column":9}},"type":"if","locations":[{"start":{"line":68,"column":8},"end":{"line":71,"column":9}},{"start":{},"end":{}}],"line":68},"25":{"loc":{"start":{"line":94,"column":4},"end":{"line":109,"column":5}},"type":"if","locations":[{"start":{"line":94,"column":4},"end":{"line":109,"column":5}},{"start":{"line":107,"column":11},"end":{"line":109,"column":5}}],"line":94},"26":{"loc":{"start":{"line":94,"column":8},"end":{"line":94,"column":74}},"type":"binary-expr","locations":[{"start":{"line":94,"column":9},"end":{"line":94,"column":29}},{"start":{"line":94,"column":33},"end":{"line":94,"column":53}},{"start":{"line":94,"column":58},"end":{"line":94,"column":74}}],"line":94},"27":{"loc":{"start":{"line":96,"column":6},"end":{"line":103,"column":7}},"type":"if","locations":[{"start":{"line":96,"column":6},"end":{"line":103,"column":7}},{"start":{},"end":{}}],"line":96},"28":{"loc":{"start":{"line":97,"column":8},"end":{"line":99,"column":37}},"type":"binary-expr","locations":[{"start":{"line":97,"column":8},"end":{"line":97,"column":24}},{"start":{"line":98,"column":8},"end":{"line":98,"column":37}},{"start":{"line":99,"column":8},"end":{"line":99,"column":37}}],"line":97},"29":{"loc":{"start":{"line":114,"column":4},"end":{"line":118,"column":5}},"type":"if","locations":[{"start":{"line":114,"column":4},"end":{"line":118,"column":5}},{"start":{"line":116,"column":11},"end":{"line":118,"column":5}}],"line":114},"30":{"loc":{"start":{"line":114,"column":8},"end":{"line":114,"column":52}},"type":"binary-expr","locations":[{"start":{"line":114,"column":8},"end":{"line":114,"column":22}},{"start":{"line":114,"column":26},"end":{"line":114,"column":52}}],"line":114},"31":{"loc":{"start":{"line":116,"column":11},"end":{"line":118,"column":5}},"type":"if","locations":[{"start":{"line":116,"column":11},"end":{"line":118,"column":5}},{"start":{},"end":{}}],"line":116},"32":{"loc":{"start":{"line":116,"column":15},"end":{"line":116,"column":61}},"type":"binary-expr","locations":[{"start":{"line":116,"column":15},"end":{"line":116,"column":31}},{"start":{"line":116,"column":35},"end":{"line":116,"column":61}}],"line":116},"33":{"loc":{"start":{"line":119,"column":4},"end":{"line":121,"column":5}},"type":"if","locations":[{"start":{"line":119,"column":4},"end":{"line":121,"column":5}},{"start":{},"end":{}}],"line":119},"34":{"loc":{"start":{"line":119,"column":8},"end":{"line":119,"column":67}},"type":"binary-expr","locations":[{"start":{"line":119,"column":8},"end":{"line":119,"column":22}},{"start":{"line":119,"column":26},"end":{"line":119,"column":37}},{"start":{"line":119,"column":41},"end":{"line":119,"column":67}}],"line":119},"35":{"loc":{"start":{"line":122,"column":4},"end":{"line":125,"column":5}},"type":"if","locations":[{"start":{"line":122,"column":4},"end":{"line":125,"column":5}},{"start":{},"end":{}}],"line":122},"36":{"loc":{"start":{"line":122,"column":8},"end":{"line":122,"column":56}},"type":"binary-expr","locations":[{"start":{"line":122,"column":8},"end":{"line":122,"column":24}},{"start":{"line":122,"column":28},"end":{"line":122,"column":56}}],"line":122}},"s":{"0":43,"1":43,"2":43,"3":43,"4":9,"5":9,"6":3,"7":6,"8":0,"9":6,"10":0,"11":6,"12":6,"13":0,"14":0,"15":9,"16":43,"17":11,"18":0,"19":0,"20":11,"21":10,"22":0,"23":10,"24":10,"25":0,"26":0,"27":0,"28":1,"29":1,"30":0,"31":1,"32":1,"33":0,"34":0,"35":0,"36":9,"37":2,"38":2,"39":2,"40":2,"41":2,"42":2,"43":2,"44":0,"45":0,"46":0,"47":0,"48":7,"49":1,"50":1,"51":1,"52":1,"53":3,"54":3,"55":2,"56":2,"57":0,"58":0,"59":2,"60":2,"61":2,"62":1,"63":2,"64":2,"65":2,"66":0,"67":0,"68":2,"69":1,"70":2,"71":0,"72":0,"73":43},"f":{"0":43,"1":9,"2":11,"3":9,"4":1,"5":3,"6":2},"b":{"0":[32],"1":[32],"2":[32],"3":[3,6],"4":[0,6],"5":[0,6],"6":[6,0],"7":[0,0],"8":[0,11],"9":[11,0],"10":[10,1],"11":[11,10],"12":[0,10],"13":[10,0],"14":[0,0],"15":[0,0],"16":[1,0],"17":[1,1],"18":[0,1],"19":[1,0],"20":[0,0],"21":[0,0],"22":[2,7],"23":[2,0],"24":[2,0],"25":[2,1],"26":[3,2,1],"27":[0,2],"28":[2,2,2],"29":[2,0],"30":[2,2],"31":[0,0],"32":[0,0],"33":[1,1],"34":[2,2,1],"35":[0,2],"36":[2,0]},"_coverageSchema":"1a1c01bbd47fc00a2c39e90264f33305004495a9","hash":"e1ae6c956cfa5abc79e11c578371cc1c9a0a7791"}
,"C:\\Users\\rober\\.ssh\\Lab10\\src\\Components\\stateComponents\\carta.jsx": {"path":"C:\\Users\\rober\\.ssh\\Lab10\\src\\Components\\stateComponents\\carta.jsx","statementMap":{"0":{"start":{"line":7,"column":22},"end":{"line":11,"column":3}},"1":{"start":{"line":8,"column":4},"end":{"line":10,"column":5}},"2":{"start":{"line":9,"column":6},"end":{"line":9,"column":22}},"3":{"start":{"line":13,"column":2},"end":{"line":28,"column":4}}},"fnMap":{"0":{"name":"Carta","decl":{"start":{"line":6,"column":24},"end":{"line":6,"column":29}},"loc":{"start":{"line":6,"column":69},"end":{"line":29,"column":1}},"line":6},"1":{"name":"(anonymous_1)","decl":{"start":{"line":7,"column":22},"end":{"line":7,"column":23}},"loc":{"start":{"line":7,"column":28},"end":{"line":11,"column":3}},"line":7}},"branchMap":{"0":{"loc":{"start":{"line":8,"column":4},"end":{"line":10,"column":5}},"type":"if","locations":[{"start":{"line":8,"column":4},"end":{"line":10,"column":5}},{"start":{},"end":{}}],"line":8},"1":{"loc":{"start":{"line":15,"column":22},"end":{"line":15,"column":44}},"type":"cond-expr","locations":[{"start":{"line":15,"column":31},"end":{"line":15,"column":39}},{"start":{"line":15,"column":42},"end":{"line":15,"column":44}}],"line":15}},"s":{"0":20,"1":0,"2":0,"3":20},"f":{"0":20,"1":0},"b":{"0":[0,0],"1":[0,20]},"_coverageSchema":"1a1c01bbd47fc00a2c39e90264f33305004495a9","hash":"5a8dbd22e5b693eeefc499075c6cb8abc91e1cdb"}
,"C:\\Users\\rober\\.ssh\\Lab10\\src\\Components\\stateComponents\\shuffle.jsx": {"path":"C:\\Users\\rober\\.ssh\\Lab10\\src\\Components\\stateComponents\\shuffle.jsx","statementMap":{"0":{"start":{"line":23,"column":13},"end":{"line":114,"column":1}},"1":{"start":{"line":117,"column":31},"end":{"line":117,"column":47}},"2":{"start":{"line":118,"column":2},"end":{"line":118,"column":46}},"3":{"start":{"line":120,"column":28},"end":{"line":120,"column":40}},"4":{"start":{"line":121,"column":32},"end":{"line":121,"column":46}},"5":{"start":{"line":122,"column":32},"end":{"line":122,"column":46}},"6":{"start":{"line":123,"column":40},"end":{"line":123,"column":55}},"7":{"start":{"line":124,"column":30},"end":{"line":124,"column":41}},"8":{"start":{"line":125,"column":32},"end":{"line":125,"column":50}},"9":{"start":{"line":127,"column":20},"end":{"line":133,"column":3}},"10":{"start":{"line":128,"column":4},"end":{"line":132,"column":5}},"11":{"start":{"line":129,"column":6},"end":{"line":129,"column":24}},"12":{"start":{"line":131,"column":6},"end":{"line":131,"column":24}},"13":{"start":{"line":135,"column":19},"end":{"line":140,"column":3}},"14":{"start":{"line":136,"column":4},"end":{"line":136,"column":21}},"15":{"start":{"line":137,"column":4},"end":{"line":137,"column":21}},"16":{"start":{"line":138,"column":4},"end":{"line":138,"column":26}},"17":{"start":{"line":139,"column":4},"end":{"line":139,"column":26}},"18":{"start":{"line":141,"column":2},"end":{"line":156,"column":25}},"19":{"start":{"line":142,"column":4},"end":{"line":155,"column":5}},"20":{"start":{"line":143,"column":6},"end":{"line":143,"column":27}},"21":{"start":{"line":144,"column":6},"end":{"line":153,"column":7}},"22":{"start":{"line":145,"column":8},"end":{"line":152,"column":10}},"23":{"start":{"line":146,"column":10},"end":{"line":151,"column":12}},"24":{"start":{"line":147,"column":12},"end":{"line":149,"column":13}},"25":{"start":{"line":148,"column":14},"end":{"line":148,"column":47}},"26":{"start":{"line":150,"column":12},"end":{"line":150,"column":24}},"27":{"start":{"line":154,"column":6},"end":{"line":154,"column":41}},"28":{"start":{"line":154,"column":23},"end":{"line":154,"column":33}},"29":{"start":{"line":157,"column":23},"end":{"line":165,"column":3}},"30":{"start":{"line":158,"column":21},"end":{"line":160,"column":54}},"31":{"start":{"line":159,"column":18},"end":{"line":159,"column":37}},"32":{"start":{"line":160,"column":22},"end":{"line":160,"column":52}},"33":{"start":{"line":162,"column":4},"end":{"line":162,"column":23}},"34":{"start":{"line":163,"column":4},"end":{"line":163,"column":17}},"35":{"start":{"line":164,"column":4},"end":{"line":164,"column":25}},"36":{"start":{"line":167,"column":24},"end":{"line":201,"column":3}},"37":{"start":{"line":168,"column":4},"end":{"line":199,"column":6}},"38":{"start":{"line":200,"column":4},"end":{"line":200,"column":19}},"39":{"start":{"line":203,"column":24},"end":{"line":267,"column":3}},"40":{"start":{"line":204,"column":4},"end":{"line":265,"column":6}},"41":{"start":{"line":266,"column":4},"end":{"line":266,"column":19}},"42":{"start":{"line":269,"column":24},"end":{"line":363,"column":3}},"43":{"start":{"line":270,"column":4},"end":{"line":361,"column":6}},"44":{"start":{"line":362,"column":4},"end":{"line":362,"column":19}},"45":{"start":{"line":365,"column":2},"end":{"line":375,"column":14}},"46":{"start":{"line":366,"column":4},"end":{"line":374,"column":13}},"47":{"start":{"line":367,"column":21},"end":{"line":367,"column":47}},"48":{"start":{"line":367,"column":38},"end":{"line":367,"column":46}},"49":{"start":{"line":368,"column":6},"end":{"line":373,"column":7}},"50":{"start":{"line":369,"column":34},"end":{"line":369,"column":50}},"51":{"start":{"line":372,"column":8},"end":{"line":372,"column":30}},"52":{"start":{"line":377,"column":2},"end":{"line":379,"column":9}},"53":{"start":{"line":378,"column":4},"end":{"line":378,"column":20}},"54":{"start":{"line":381,"column":2},"end":{"line":439,"column":4}},"55":{"start":{"line":422,"column":10},"end":{"line":428,"column":12}}},"fnMap":{"0":{"name":"Shuffle","decl":{"start":{"line":116,"column":24},"end":{"line":116,"column":31}},"loc":{"start":{"line":116,"column":34},"end":{"line":440,"column":1}},"line":116},"1":{"name":"(anonymous_1)","decl":{"start":{"line":127,"column":20},"end":{"line":127,"column":21}},"loc":{"start":{"line":127,"column":31},"end":{"line":133,"column":3}},"line":127},"2":{"name":"(anonymous_2)","decl":{"start":{"line":135,"column":19},"end":{"line":135,"column":20}},"loc":{"start":{"line":135,"column":25},"end":{"line":140,"column":3}},"line":135},"3":{"name":"(anonymous_3)","decl":{"start":{"line":141,"column":12},"end":{"line":141,"column":13}},"loc":{"start":{"line":141,"column":18},"end":{"line":156,"column":3}},"line":141},"4":{"name":"(anonymous_4)","decl":{"start":{"line":145,"column":17},"end":{"line":145,"column":18}},"loc":{"start":{"line":146,"column":10},"end":{"line":151,"column":12}},"line":146},"5":{"name":"(anonymous_5)","decl":{"start":{"line":146,"column":22},"end":{"line":146,"column":23}},"loc":{"start":{"line":146,"column":32},"end":{"line":151,"column":11}},"line":146},"6":{"name":"(anonymous_6)","decl":{"start":{"line":154,"column":17},"end":{"line":154,"column":18}},"loc":{"start":{"line":154,"column":23},"end":{"line":154,"column":33}},"line":154},"7":{"name":"(anonymous_7)","decl":{"start":{"line":157,"column":23},"end":{"line":157,"column":24}},"loc":{"start":{"line":157,"column":29},"end":{"line":165,"column":3}},"line":157},"8":{"name":"(anonymous_8)","decl":{"start":{"line":159,"column":12},"end":{"line":159,"column":13}},"loc":{"start":{"line":159,"column":18},"end":{"line":159,"column":37}},"line":159},"9":{"name":"(anonymous_9)","decl":{"start":{"line":160,"column":11},"end":{"line":160,"column":12}},"loc":{"start":{"line":160,"column":22},"end":{"line":160,"column":52}},"line":160},"10":{"name":"(anonymous_10)","decl":{"start":{"line":167,"column":24},"end":{"line":167,"column":25}},"loc":{"start":{"line":167,"column":30},"end":{"line":201,"column":3}},"line":167},"11":{"name":"(anonymous_11)","decl":{"start":{"line":203,"column":24},"end":{"line":203,"column":25}},"loc":{"start":{"line":203,"column":30},"end":{"line":267,"column":3}},"line":203},"12":{"name":"(anonymous_12)","decl":{"start":{"line":269,"column":24},"end":{"line":269,"column":25}},"loc":{"start":{"line":269,"column":30},"end":{"line":363,"column":3}},"line":269},"13":{"name":"(anonymous_13)","decl":{"start":{"line":365,"column":12},"end":{"line":365,"column":13}},"loc":{"start":{"line":365,"column":18},"end":{"line":375,"column":3}},"line":365},"14":{"name":"(anonymous_14)","decl":{"start":{"line":366,"column":15},"end":{"line":366,"column":16}},"loc":{"start":{"line":366,"column":21},"end":{"line":374,"column":5}},"line":366},"15":{"name":"(anonymous_15)","decl":{"start":{"line":367,"column":31},"end":{"line":367,"column":32}},"loc":{"start":{"line":367,"column":38},"end":{"line":367,"column":46}},"line":367},"16":{"name":"(anonymous_16)","decl":{"start":{"line":369,"column":21},"end":{"line":369,"column":22}},"loc":{"start":{"line":369,"column":34},"end":{"line":369,"column":50}},"line":369},"17":{"name":"(anonymous_17)","decl":{"start":{"line":377,"column":12},"end":{"line":377,"column":13}},"loc":{"start":{"line":377,"column":18},"end":{"line":379,"column":3}},"line":377},"18":{"name":"(anonymous_18)","decl":{"start":{"line":421,"column":19},"end":{"line":421,"column":20}},"loc":{"start":{"line":422,"column":10},"end":{"line":428,"column":12}},"line":422}},"branchMap":{"0":{"loc":{"start":{"line":128,"column":4},"end":{"line":132,"column":5}},"type":"if","locations":[{"start":{"line":128,"column":4},"end":{"line":132,"column":5}},{"start":{"line":130,"column":11},"end":{"line":132,"column":5}}],"line":128},"1":{"loc":{"start":{"line":142,"column":4},"end":{"line":155,"column":5}},"type":"if","locations":[{"start":{"line":142,"column":4},"end":{"line":155,"column":5}},{"start":{},"end":{}}],"line":142},"2":{"loc":{"start":{"line":142,"column":8},"end":{"line":142,"column":42}},"type":"binary-expr","locations":[{"start":{"line":142,"column":8},"end":{"line":142,"column":23}},{"start":{"line":142,"column":27},"end":{"line":142,"column":42}}],"line":142},"3":{"loc":{"start":{"line":144,"column":6},"end":{"line":153,"column":7}},"type":"if","locations":[{"start":{"line":144,"column":6},"end":{"line":153,"column":7}},{"start":{},"end":{}}],"line":144},"4":{"loc":{"start":{"line":147,"column":12},"end":{"line":149,"column":13}},"type":"if","locations":[{"start":{"line":147,"column":12},"end":{"line":149,"column":13}},{"start":{},"end":{}}],"line":147},"5":{"loc":{"start":{"line":368,"column":6},"end":{"line":373,"column":7}},"type":"if","locations":[{"start":{"line":368,"column":6},"end":{"line":373,"column":7}},{"start":{},"end":{}}],"line":368},"6":{"loc":{"start":{"line":369,"column":8},"end":{"line":370,"column":27}},"type":"binary-expr","locations":[{"start":{"line":369,"column":8},"end":{"line":369,"column":60}},{"start":{"line":370,"column":8},"end":{"line":370,"column":27}}],"line":369},"7":{"loc":{"start":{"line":426,"column":20},"end":{"line":426,"column":71}},"type":"binary-expr","locations":[{"start":{"line":426,"column":20},"end":{"line":426,"column":36}},{"start":{"line":426,"column":40},"end":{"line":426,"column":56}},{"start":{"line":426,"column":60},"end":{"line":426,"column":71}}],"line":426}},"s":{"0":1,"1":2,"2":2,"3":2,"4":2,"5":2,"6":2,"7":2,"8":2,"9":2,"10":0,"11":0,"12":0,"13":2,"14":0,"15":0,"16":0,"17":0,"18":2,"19":1,"20":0,"21":0,"22":0,"23":0,"24":0,"25":0,"26":0,"27":0,"28":0,"29":2,"30":1,"31":59,"32":20,"33":1,"34":1,"35":1,"36":2,"37":0,"38":0,"39":2,"40":1,"41":1,"42":2,"43":0,"44":0,"45":2,"46":2,"47":0,"48":0,"49":0,"50":0,"51":0,"52":2,"53":1,"54":2,"55":20},"f":{"0":2,"1":0,"2":0,"3":1,"4":0,"5":0,"6":0,"7":1,"8":59,"9":20,"10":0,"11":1,"12":0,"13":2,"14":0,"15":0,"16":0,"17":1,"18":20},"b":{"0":[0,0],"1":[0,1],"2":[1,0],"3":[0,0],"4":[0,0],"5":[0,0],"6":[0,0],"7":[20,20,20]},"_coverageSchema":"1a1c01bbd47fc00a2c39e90264f33305004495a9","hash":"ab6bf75d32e035cacf0e3d65f3e2df0cb3702ffb"}
}
