TN:
SF:mocks\fileMock.js
FNF:0
FNH:0
LF:0
LH:0
BRF:0
BRH:0
end_of_record
TN:
SF:src\Components\App.jsx
FN:22,myWebpack
FN:30,myBabel
FN:38,myReact
FN:46,myEsLint
FN:54,myJest
FN:62,App
FNF:6
FNH:6
FNDA:1,myWebpack
FNDA:1,myBabel
FNDA:1,myReact
FNDA:1,myEsLint
FNDA:1,myJest
FNDA:6,App
DA:20,1
DA:23,1
DA:24,1
DA:25,1
DA:26,1
DA:27,1
DA:31,1
DA:32,1
DA:33,1
DA:34,1
DA:35,1
DA:39,1
DA:40,1
DA:41,1
DA:42,1
DA:43,1
DA:47,1
DA:48,1
DA:49,1
DA:50,1
DA:51,1
DA:55,1
DA:56,1
DA:57,1
DA:58,1
DA:59,1
DA:63,6
LF:27
LH:27
BRF:0
BRH:0
end_of_record
TN:
SF:src\Components\stateComponents\Calculator.jsx
FN:10,Calculator
FN:44,(anonymous_1)
FN:47,(anonymous_2)
FN:59,(anonymous_3)
FN:71,(anonymous_4)
FN:83,(anonymous_5)
FNF:6
FNH:6
FNDA:32,Calculator
FNDA:1,(anonymous_1)
FNDA:3,(anonymous_2)
FNDA:1,(anonymous_3)
FNDA:1,(anonymous_4)
FNDA:1,(anonymous_5)
DA:21,32
DA:23,32
DA:24,32
DA:26,32
DA:44,1
DA:47,3
DA:59,1
DA:71,1
DA:83,1
LF:9
LH:9
BRDA:32,0,0,8
BRDA:32,0,1,24
BRDA:34,1,0,23
BRDA:34,1,1,9
BRDA:34,2,0,32
BRDA:34,2,1,24
BRDA:34,3,0,8
BRDA:34,3,1,1
BRF:8
BRH:8
end_of_record
TN:
SF:src\Components\stateComponents\Hooks.jsx
FN:8,Hooks
FN:14,evil
FN:30,(anonymous_2)
FN:64,operar
FN:85,reset
FN:92,result
FN:112,opuesto
FNF:7
FNH:7
FNDA:43,Hooks
FNDA:9,evil
FNDA:11,(anonymous_2)
FNDA:9,operar
FNDA:1,reset
FNDA:3,result
FNDA:2,opuesto
DA:9,43
DA:10,43
DA:11,43
DA:12,43
DA:15,9
DA:16,9
DA:17,3
DA:18,6
DA:19,0
DA:20,6
DA:21,0
DA:22,6
DA:23,6
DA:24,0
DA:25,0
DA:27,9
DA:30,43
DA:31,11
DA:32,0
DA:33,0
DA:35,11
DA:36,10
DA:37,0
DA:38,10
DA:39,10
DA:40,0
DA:44,0
DA:46,0
DA:48,1
DA:49,1
DA:50,0
DA:51,1
DA:52,1
DA:53,0
DA:57,0
DA:59,0
DA:65,9
DA:66,2
DA:67,2
DA:68,2
DA:69,2
DA:70,2
DA:72,2
DA:73,2
DA:75,0
DA:76,0
DA:77,0
DA:78,0
DA:81,7
DA:86,1
DA:87,1
DA:88,1
DA:89,1
DA:93,3
DA:94,3
DA:95,2
DA:96,2
DA:101,0
DA:102,0
DA:104,2
DA:105,2
DA:106,2
DA:108,1
DA:113,2
DA:114,2
DA:115,2
DA:116,0
DA:117,0
DA:119,2
DA:120,1
DA:122,2
DA:123,0
DA:124,0
DA:128,43
LF:74
LH:50
BRDA:8,0,0,32
BRDA:8,1,0,32
BRDA:8,2,0,32
BRDA:16,3,0,3
BRDA:16,3,1,6
BRDA:18,4,0,0
BRDA:18,4,1,6
BRDA:20,5,0,0
BRDA:20,5,1,6
BRDA:22,6,0,6
BRDA:22,6,1,0
BRDA:24,7,0,0
BRDA:24,7,1,0
BRDA:31,8,0,0
BRDA:31,8,1,11
BRDA:31,9,0,11
BRDA:31,9,1,0
BRDA:35,10,0,10
BRDA:35,10,1,1
BRDA:35,11,0,11
BRDA:35,11,1,10
BRDA:36,12,0,0
BRDA:36,12,1,10
BRDA:38,13,0,10
BRDA:38,13,1,0
BRDA:40,14,0,0
BRDA:40,14,1,0
BRDA:41,15,0,0
BRDA:41,15,1,0
BRDA:48,16,0,1
BRDA:48,16,1,0
BRDA:48,17,0,1
BRDA:48,17,1,1
BRDA:49,18,0,0
BRDA:49,18,1,1
BRDA:51,19,0,1
BRDA:51,19,1,0
BRDA:53,20,0,0
BRDA:53,20,1,0
BRDA:54,21,0,0
BRDA:54,21,1,0
BRDA:65,22,0,2
BRDA:65,22,1,7
BRDA:66,23,0,2
BRDA:66,23,1,0
BRDA:68,24,0,2
BRDA:68,24,1,0
BRDA:94,25,0,2
BRDA:94,25,1,1
BRDA:94,26,0,3
BRDA:94,26,1,2
BRDA:94,26,2,1
BRDA:96,27,0,0
BRDA:96,27,1,2
BRDA:97,28,0,2
BRDA:97,28,1,2
BRDA:97,28,2,2
BRDA:114,29,0,2
BRDA:114,29,1,0
BRDA:114,30,0,2
BRDA:114,30,1,2
BRDA:116,31,0,0
BRDA:116,31,1,0
BRDA:116,32,0,0
BRDA:116,32,1,0
BRDA:119,33,0,1
BRDA:119,33,1,1
BRDA:119,34,0,2
BRDA:119,34,1,2
BRDA:119,34,2,1
BRDA:122,35,0,0
BRDA:122,35,1,2
BRDA:122,36,0,2
BRDA:122,36,1,0
BRF:74
BRH:44
end_of_record
TN:
SF:src\Components\stateComponents\carta.jsx
FN:6,Carta
FN:7,(anonymous_1)
FNF:2
FNH:1
FNDA:20,Carta
FNDA:0,(anonymous_1)
DA:7,20
DA:8,0
DA:9,0
DA:13,20
LF:4
LH:2
BRDA:8,0,0,0
BRDA:8,0,1,0
BRDA:15,1,0,0
BRDA:15,1,1,20
BRF:4
BRH:1
end_of_record
TN:
SF:src\Components\stateComponents\shuffle.jsx
FN:116,Shuffle
FN:127,(anonymous_1)
FN:135,(anonymous_2)
FN:141,(anonymous_3)
FN:145,(anonymous_4)
FN:146,(anonymous_5)
FN:154,(anonymous_6)
FN:157,(anonymous_7)
FN:159,(anonymous_8)
FN:160,(anonymous_9)
FN:167,(anonymous_10)
FN:203,(anonymous_11)
FN:269,(anonymous_12)
FN:365,(anonymous_13)
FN:366,(anonymous_14)
FN:367,(anonymous_15)
FN:369,(anonymous_16)
FN:377,(anonymous_17)
FN:421,(anonymous_18)
FNF:19
FNH:9
FNDA:2,Shuffle
FNDA:0,(anonymous_1)
FNDA:0,(anonymous_2)
FNDA:1,(anonymous_3)
FNDA:0,(anonymous_4)
FNDA:0,(anonymous_5)
FNDA:0,(anonymous_6)
FNDA:1,(anonymous_7)
FNDA:59,(anonymous_8)
FNDA:20,(anonymous_9)
FNDA:0,(anonymous_10)
FNDA:1,(anonymous_11)
FNDA:0,(anonymous_12)
FNDA:2,(anonymous_13)
FNDA:0,(anonymous_14)
FNDA:0,(anonymous_15)
FNDA:0,(anonymous_16)
FNDA:1,(anonymous_17)
FNDA:20,(anonymous_18)
DA:23,1
DA:117,2
DA:118,2
DA:120,2
DA:121,2
DA:122,2
DA:123,2
DA:124,2
DA:125,2
DA:127,2
DA:128,0
DA:129,0
DA:131,0
DA:135,2
DA:136,0
DA:137,0
DA:138,0
DA:139,0
DA:141,2
DA:142,1
DA:143,0
DA:144,0
DA:145,0
DA:146,0
DA:147,0
DA:148,0
DA:150,0
DA:154,0
DA:157,2
DA:158,1
DA:159,59
DA:160,20
DA:162,1
DA:163,1
DA:164,1
DA:167,2
DA:168,0
DA:200,0
DA:203,2
DA:204,1
DA:266,1
DA:269,2
DA:270,0
DA:362,0
DA:365,2
DA:366,2
DA:367,0
DA:368,0
DA:369,0
DA:372,0
DA:377,2
DA:378,1
DA:381,2
DA:422,20
LF:54
LH:31
BRDA:128,0,0,0
BRDA:128,0,1,0
BRDA:142,1,0,0
BRDA:142,1,1,1
BRDA:142,2,0,1
BRDA:142,2,1,0
BRDA:144,3,0,0
BRDA:144,3,1,0
BRDA:147,4,0,0
BRDA:147,4,1,0
BRDA:368,5,0,0
BRDA:368,5,1,0
BRDA:369,6,0,0
BRDA:369,6,1,0
BRDA:426,7,0,20
BRDA:426,7,1,20
BRDA:426,7,2,20
BRF:17
BRH:5
end_of_record
